<?xml version="1.0" encoding="UTF-8"?>
<testng-results ignored="0" total="1" passed="1" failed="0" skipped="0">
  <reporter-output>
    <line>
      <![CDATA[Hello push the data into github using comd line]]>
    </line>
  </reporter-output>
  <suite started-at="2022-06-01T06:38:28Z" name="Default suite" finished-at="2022-06-01T06:38:28Z" duration-ms="28">
    <groups>
    </groups>
    <test started-at="2022-06-01T06:38:28Z" name="Default test" finished-at="2022-06-01T06:38:28Z" duration-ms="28">
      <class name="GitBash.GitBashTest">
        <test-method signature="gitBash()[pri:0, instance:GitBash.GitBashTest@38ba6ce3]" started-at="2022-06-01T06:38:28Z" name="gitBash" finished-at="2022-06-01T06:38:28Z" duration-ms="8" status="PASS">
          <reporter-output>
            <line>
              <![CDATA[Hello push the data into github using comd line]]>
            </line>
          </reporter-output>
        </test-method> <!-- gitBash -->
      </class> <!-- GitBash.GitBashTest -->
    </test> <!-- Default test -->
  </suite> <!-- Default suite -->
</testng-results>
